

Microchip MPLAB XC8 Assembler V2.10 build 88905656 
                                                                                               Fri Feb 11 21:20:45 2022

Microchip MPLAB XC8 C Compiler v2.10 (Free license) build 20190730164152 Og1 
     1                           	processor	18F4550
     2                           	fnconf	rparam,??,?,0
     3                           	opt	pw 120
     4                           	opt	flic
     5                           	psect	nvCOMRAM,global,class=COMRAM,space=1,delta=1,noexec
     6                           	psect	cinit,global,reloc=2,class=CODE,delta=1
     7                           	psect	bssCOMRAM,global,class=COMRAM,space=1,delta=1,noexec
     8                           	psect	cstackCOMRAM,global,class=COMRAM,space=1,delta=1,noexec
     9                           	psect	text0,global,reloc=2,class=CODE,delta=1
    10                           	psect	text1,global,reloc=2,class=CODE,delta=1
    11                           	psect	text2,global,reloc=2,class=CODE,delta=1
    12                           	psect	text3,global,reloc=2,class=CODE,delta=1
    13                           	psect	intcode,global,reloc=2,class=CODE,delta=1
    14                           	psect	intcode_body,global,reloc=2,class=CODE,delta=1
    15                           	psect	intsave_regs,global,class=BIGRAM,space=1,delta=1,noexec
    16                           	psect	rparam,global,class=COMRAM,space=1,delta=1,noexec
    17                           	psect	temp,global,ovrld,common,class=COMRAM,space=1,delta=1
    18  0000                     
    19                           ; Version 2.10
    20                           ; Generated 31/07/2019 GMT
    21                           ; 
    22                           ; Copyright © 2019, Microchip Technology Inc. and its subsidiaries ("Microchip")
    23                           ; All rights reserved.
    24                           ; 
    25                           ; This software is developed by Microchip Technology Inc. and its subsidiaries ("Microch
      +                          ip").
    26                           ; 
    27                           ; Redistribution and use in source and binary forms, with or without modification, are
    28                           ; permitted provided that the following conditions are met:
    29                           ; 
    30                           ;     1. Redistributions of source code must retain the above copyright notice, this lis
      +                          t of
    31                           ;        conditions and the following disclaimer.
    32                           ; 
    33                           ;     2. Redistributions in binary form must reproduce the above copyright notice, this 
      +                          list
    34                           ;        of conditions and the following disclaimer in the documentation and/or other
    35                           ;        materials provided with the distribution.
    36                           ; 
    37                           ;     3. Microchip's name may not be used to endorse or promote products derived from th
      +                          is
    38                           ;        software without specific prior written permission.
    39                           ; 
    40                           ; THIS SOFTWARE IS PROVIDED BY MICROCHIP "AS IS" AND ANY EXPRESS OR IMPLIED WARRANTIES,
    41                           ; INCLUDING, BUT NOT LIMITED TO, THE IMPLIED WARRANTIES OF MERCHANTABILITY AND FITNESS F
      +                          OR
    42                           ; PURPOSE ARE DISCLAIMED.  IN NO EVENT SHALL MICROCHIP BE LIABLE FOR ANY DIRECT, INDIREC
      +                          T,
    43                           ; INCIDENTAL, SPECIAL, EXEMPLARY, OR CONSEQUENTIAL DAMAGES (INCLUDING BUT NOT LIMITED TO
    44                           ; PROCUREMENT OF SUBSTITUTE GOODS OR SERVICES; LOSS OF USE, DATA OR PROFITS; OR BUSINESS
    45                           ; INTERRUPTION) HOWSOEVER CAUSED AND ON ANY THEORY OF LIABILITY, WHETHER IN CONTRACT, ST
      +                          RICT
    46                           ; LIABILITY, OR TORT (INCLUDING NEGLIGENCE OR OTHERWISE) ARISING IN ANY WAY OUT OF THE U
      +                          SE OF
    47                           ; THIS SOFTWARE, EVEN IF ADVISED OF THE POSSIBILITY OF SUCH DAMAGE.
    48                           ; 
    49                           ; 
    50                           ; Code-generator required, PIC18F4550 Definitions
    51                           ; 
    52                           ; SFR Addresses
    53  0000                     
    54                           	psect	nvCOMRAM
    55  00000C                     __pnvCOMRAM:
    56                           	opt callstack 0
    57  00000C                     _dezena:
    58                           	opt callstack 0
    59  00000C                     	ds	1
    60  0000                     _TRISD	set	3989
    61  0000                     _TRISCbits	set	3988
    62  0000                     _TRISBbits	set	3987
    63  0000                     _PORTD	set	3971
    64  0000                     _PORTCbits	set	3970
    65  0000                     _INTCON3bits	set	4080
    66  0000                     _INTCONbits	set	4082
    67  0000                     _INT1IF	set	32640
    68  0000                     _INT0IF	set	32657
    69                           
    70                           ; #config settings
    71  0000                     
    72                           	psect	cinit
    73  0002EA                     __pcinit:
    74                           	opt callstack 0
    75  0002EA                     start_initialization:
    76                           	opt callstack 0
    77  0002EA                     __initialization:
    78                           	opt callstack 0
    79                           
    80                           ; Clear objects allocated to COMRAM (5 bytes)
    81  0002EA  6A0B               	clrf	(__pbssCOMRAM+4)& (0+255),c
    82  0002EC  6A0A               	clrf	(__pbssCOMRAM+3)& (0+255),c
    83  0002EE  6A09               	clrf	(__pbssCOMRAM+2)& (0+255),c
    84  0002F0  6A08               	clrf	(__pbssCOMRAM+1)& (0+255),c
    85  0002F2  6A07               	clrf	__pbssCOMRAM& (0+255),c
    86  0002F4                     end_of_initialization:
    87                           	opt callstack 0
    88  0002F4                     __end_of__initialization:
    89                           	opt callstack 0
    90  0002F4  900D               	bcf	int$flags,0,c	;clear compiler interrupt flag (level 1)
    91  0002F6  920D               	bcf	int$flags,1,c	;clear compiler interrupt flag (level 2)
    92  0002F8  0100               	movlb	0
    93  0002FA  EF46  F001         	goto	_main	;jump to C main() function
    94                           
    95                           	psect	bssCOMRAM
    96  000007                     __pbssCOMRAM:
    97                           	opt callstack 0
    98  000007                     _buzz:
    99                           	opt callstack 0
   100  000007                     	ds	2
   101  000009                     _count:
   102                           	opt callstack 0
   103  000009                     	ds	2
   104  00000B                     _unidade:
   105                           	opt callstack 0
   106  00000B                     	ds	1
   107                           
   108                           	psect	cstackCOMRAM
   109  000001                     __pcstackCOMRAM:
   110                           	opt callstack 0
   111  000001                     ??_Apito:
   112  000001                     
   113                           ; 1 bytes @ 0x0
   114  000001                     	ds	2
   115  000003                     ??_Contar:
   116                           
   117                           ; 1 bytes @ 0x2
   118  000003                     	ds	2
   119  000005                     ??_main:
   120                           
   121                           ; 1 bytes @ 0x4
   122  000005                     	ds	2
   123                           
   124 ;;
   125 ;;Main: autosize = 0, tempsize = 2, incstack = 0, save=0
   126 ;;
   127 ;; *************** function _main *****************
   128 ;; Defined at:
   129 ;;		line 74 in file "main.c"
   130 ;; Parameters:    Size  Location     Type
   131 ;;		None
   132 ;; Auto vars:     Size  Location     Type
   133 ;;		None
   134 ;; Return value:  Size  Location     Type
   135 ;;                  1    wreg      void 
   136 ;; Registers used:
   137 ;;		wreg, status,2, status,0, cstack
   138 ;; Tracked objects:
   139 ;;		On entry : 0/0
   140 ;;		On exit  : 0/0
   141 ;;		Unchanged: 0/0
   142 ;; Data sizes:     COMRAM   BANK0   BANK1   BANK2   BANK3   BANK4   BANK5   BANK6   BANK7
   143 ;;      Params:         0       0       0       0       0       0       0       0       0
   144 ;;      Locals:         0       0       0       0       0       0       0       0       0
   145 ;;      Temps:          2       0       0       0       0       0       0       0       0
   146 ;;      Totals:         2       0       0       0       0       0       0       0       0
   147 ;;Total ram usage:        2 bytes
   148 ;; Hardware stack levels required when called:    3
   149 ;; This function calls:
   150 ;;		_Contar
   151 ;;		_atualiza_PORTD
   152 ;; This function is called by:
   153 ;;		Startup code after reset
   154 ;; This function uses a non-reentrant model
   155 ;;
   156                           
   157                           	psect	text0
   158  00028C                     __ptext0:
   159                           	opt callstack 0
   160  00028C                     _main:
   161                           	opt callstack 28
   162  00028C                     
   163                           ;main.c: 76:     while(1) {
   164  00028C  8093               	bsf	147,0,c	;volatile
   165                           
   166                           ;main.c: 77:      if (count){
   167  00028E  8293               	bsf	147,1,c	;volatile
   168                           
   169                           ;main.c: 78:         Contar();
   170  000290  9094               	bcf	148,0,c	;volatile
   171  000292                     
   172                           ;main.c: 79:      }
   173  000292  0E00               	movlw	0
   174  000294  6E95               	movwf	149,c	;volatile
   175  000296                     
   176                           ;main.c: 81:     _delay((unsigned long)((500)*(4000000/4000.0)));
   177  000296  88F2               	bsf	242,4,c	;volatile
   178  000298                     
   179                           ;main.c: 82:     }
   180  000298  86F0               	bsf	240,3,c	;volatile
   181  00029A                     
   182                           ;main.c: 83: }
   183  00029A  8EF2               	bsf	242,7,c	;volatile
   184  00029C                     
   185                           ;main.c: 84: 
   186  00029C  8CF2               	bsf	242,6,c	;volatile
   187                           
   188                           ;main.c: 86:   if (INT0IF && buzz == 1){
   189  00029E  0E00               	movlw	0
   190  0002A0  6E0B               	movwf	_unidade^0,c
   191                           
   192                           ;main.c: 87:     INT0IF = 0;
   193  0002A2  0E01               	movlw	1
   194  0002A4  6E0C               	movwf	_dezena^0,c
   195                           
   196                           ;main.c: 89:     PORTCbits.RC0 = 0;
   197  0002A6  0E00               	movlw	0
   198  0002A8  6E83               	movwf	131,c	;volatile
   199                           
   200                           ;main.c: 90: 
   201  0002AA  0E00               	movlw	0
   202  0002AC  6E0A               	movwf	(_count+1)^0,c
   203  0002AE  0E00               	movlw	0
   204  0002B0  6E09               	movwf	_count^0,c
   205  0002B2                     l809:
   206                           
   207                           ;main.c: 93:     dezena = 1;
   208  0002B2  5009               	movf	_count^0,w,c
   209  0002B4  100A               	iorwf	(_count+1)^0,w,c
   210  0002B6  B4D8               	btfsc	status,2,c
   211  0002B8  EF60  F001         	goto	u101
   212  0002BC  EF62  F001         	goto	u100
   213  0002C0                     u101:
   214  0002C0  EF64  F001         	goto	l57
   215  0002C4                     u100:
   216  0002C4                     
   217                           ;main.c: 94:   }
   218  0002C4  EC83  F000         	call	_Contar	;wreg free
   219  0002C8                     l57:
   220                           
   221                           ;main.c: 96:   else if (INT1IF && buzz == 1){
   222  0002C8  EC7F  F001         	call	_atualiza_PORTD	;wreg free
   223  0002CC                     
   224                           ;main.c: 97:     INT1IF = 0;
   225  0002CC  0E03               	movlw	3
   226  0002CE  6E06               	movwf	(??_main+1)^0,c
   227  0002D0  0E8A               	movlw	138
   228  0002D2  6E05               	movwf	??_main^0,c
   229  0002D4  0E56               	movlw	86
   230  0002D6                     u207:
   231  0002D6  2EE8               	decfsz	wreg,f,c
   232  0002D8  D7FE               	bra	u207
   233  0002DA  2E05               	decfsz	??_main^0,f,c
   234  0002DC  D7FC               	bra	u207
   235  0002DE  2E06               	decfsz	(??_main+1)^0,f,c
   236  0002E0  D7FA               	bra	u207
   237  0002E2  EF59  F001         	goto	l809
   238  0002E6  EF07  F000         	goto	start
   239  0002EA                     __end_of_main:
   240                           	opt callstack 0
   241                           
   242 ;; *************** function _atualiza_PORTD *****************
   243 ;; Defined at:
   244 ;;		line 70 in file "main.c"
   245 ;; Parameters:    Size  Location     Type
   246 ;;		None
   247 ;; Auto vars:     Size  Location     Type
   248 ;;		None
   249 ;; Return value:  Size  Location     Type
   250 ;;                  1    wreg      void 
   251 ;; Registers used:
   252 ;;		wreg, status,2, status,0
   253 ;; Tracked objects:
   254 ;;		On entry : 0/0
   255 ;;		On exit  : 0/0
   256 ;;		Unchanged: 0/0
   257 ;; Data sizes:     COMRAM   BANK0   BANK1   BANK2   BANK3   BANK4   BANK5   BANK6   BANK7
   258 ;;      Params:         0       0       0       0       0       0       0       0       0
   259 ;;      Locals:         0       0       0       0       0       0       0       0       0
   260 ;;      Temps:          0       0       0       0       0       0       0       0       0
   261 ;;      Totals:         0       0       0       0       0       0       0       0       0
   262 ;;Total ram usage:        0 bytes
   263 ;; Hardware stack levels used:    1
   264 ;; Hardware stack levels required when called:    1
   265 ;; This function calls:
   266 ;;		Nothing
   267 ;; This function is called by:
   268 ;;		_main
   269 ;; This function uses a non-reentrant model
   270 ;;
   271                           
   272                           	psect	text1
   273  0002FE                     __ptext1:
   274                           	opt callstack 0
   275  0002FE                     _atualiza_PORTD:
   276                           	opt callstack 29
   277  0002FE                     
   278                           ;main.c: 71:     dezena = 1;
   279  0002FE  380C               	swapf	_dezena^0,w,c
   280  000300  0BF0               	andlw	240
   281  000302  100B               	iorwf	_unidade^0,w,c
   282  000304  6E83               	movwf	131,c	;volatile
   283  000306  0012               	return		;funcret
   284  000308                     __end_of_atualiza_PORTD:
   285                           	opt callstack 0
   286                           
   287 ;; *************** function _Contar *****************
   288 ;; Defined at:
   289 ;;		line 45 in file "main.c"
   290 ;; Parameters:    Size  Location     Type
   291 ;;		None
   292 ;; Auto vars:     Size  Location     Type
   293 ;;		None
   294 ;; Return value:  Size  Location     Type
   295 ;;                  1    wreg      void 
   296 ;; Registers used:
   297 ;;		wreg, status,2, status,0, cstack
   298 ;; Tracked objects:
   299 ;;		On entry : 0/0
   300 ;;		On exit  : 0/0
   301 ;;		Unchanged: 0/0
   302 ;; Data sizes:     COMRAM   BANK0   BANK1   BANK2   BANK3   BANK4   BANK5   BANK6   BANK7
   303 ;;      Params:         0       0       0       0       0       0       0       0       0
   304 ;;      Locals:         0       0       0       0       0       0       0       0       0
   305 ;;      Temps:          2       0       0       0       0       0       0       0       0
   306 ;;      Totals:         2       0       0       0       0       0       0       0       0
   307 ;;Total ram usage:        2 bytes
   308 ;; Hardware stack levels used:    1
   309 ;; Hardware stack levels required when called:    2
   310 ;; This function calls:
   311 ;;		_Apito
   312 ;; This function is called by:
   313 ;;		_main
   314 ;; This function uses a non-reentrant model
   315 ;;
   316                           
   317                           	psect	text2
   318  000106                     __ptext2:
   319                           	opt callstack 0
   320  000106                     _Contar:
   321                           	opt callstack 28
   322  000106                     
   323                           ;main.c: 46:           dezena = 0;
   324  000106  500C               	movf	_dezena^0,w,c
   325  000108  A4D8               	btfss	status,2,c
   326  00010A  EF89  F000         	goto	u61
   327  00010E  EF8B  F000         	goto	u60
   328  000112                     u61:
   329  000112  EF93  F000         	goto	l781
   330  000116                     u60:
   331  000116  500B               	movf	_unidade^0,w,c
   332  000118  B4D8               	btfsc	status,2,c
   333  00011A  EF91  F000         	goto	u71
   334  00011E  EF93  F000         	goto	u70
   335  000122                     u71:
   336  000122  EFED  F000         	goto	l793
   337  000126                     u70:
   338  000126                     l781:
   339                           
   340                           ;main.c: 47:         }
   341  000126  0E33               	movlw	51
   342  000128  6E04               	movwf	(??_Contar+1)^0,c
   343  00012A  0EBB               	movlw	187
   344  00012C  6E03               	movwf	??_Contar^0,c
   345  00012E  0EE0               	movlw	224
   346  000130                     u217:
   347  000130  2EE8               	decfsz	wreg,f,c
   348  000132  D7FE               	bra	u217
   349  000134  2E03               	decfsz	??_Contar^0,f,c
   350  000136  D7FC               	bra	u217
   351  000138  2E04               	decfsz	(??_Contar+1)^0,f,c
   352  00013A  D7FA               	bra	u217
   353                           
   354                           ;main.c: 48:     }
   355  00013C  0E33               	movlw	51
   356  00013E  6E04               	movwf	(??_Contar+1)^0,c
   357  000140  0EBB               	movlw	187
   358  000142  6E03               	movwf	??_Contar^0,c
   359  000144  0EE0               	movlw	224
   360  000146                     u227:
   361  000146  2EE8               	decfsz	wreg,f,c
   362  000148  D7FE               	bra	u227
   363  00014A  2E03               	decfsz	??_Contar^0,f,c
   364  00014C  D7FC               	bra	u227
   365  00014E  2E04               	decfsz	(??_Contar+1)^0,f,c
   366  000150  D7FA               	bra	u227
   367                           
   368                           ;main.c: 49:   }else{
   369  000152  0E33               	movlw	51
   370  000154  6E04               	movwf	(??_Contar+1)^0,c
   371  000156  0EBB               	movlw	187
   372  000158  6E03               	movwf	??_Contar^0,c
   373  00015A  0EE0               	movlw	224
   374  00015C                     u237:
   375  00015C  2EE8               	decfsz	wreg,f,c
   376  00015E  D7FE               	bra	u237
   377  000160  2E03               	decfsz	??_Contar^0,f,c
   378  000162  D7FC               	bra	u237
   379  000164  2E04               	decfsz	(??_Contar+1)^0,f,c
   380  000166  D7FA               	bra	u237
   381                           
   382                           ;main.c: 50:     Apito();
   383  000168  0E33               	movlw	51
   384  00016A  6E04               	movwf	(??_Contar+1)^0,c
   385  00016C  0EBB               	movlw	187
   386  00016E  6E03               	movwf	??_Contar^0,c
   387  000170  0EE0               	movlw	224
   388  000172                     u247:
   389  000172  2EE8               	decfsz	wreg,f,c
   390  000174  D7FE               	bra	u247
   391  000176  2E03               	decfsz	??_Contar^0,f,c
   392  000178  D7FC               	bra	u247
   393  00017A  2E04               	decfsz	(??_Contar+1)^0,f,c
   394  00017C  D7FA               	bra	u247
   395                           
   396                           ;main.c: 51:   }
   397  00017E  0E33               	movlw	51
   398  000180  6E04               	movwf	(??_Contar+1)^0,c
   399  000182  0EBB               	movlw	187
   400  000184  6E03               	movwf	??_Contar^0,c
   401  000186  0EE0               	movlw	224
   402  000188                     u257:
   403  000188  2EE8               	decfsz	wreg,f,c
   404  00018A  D7FE               	bra	u257
   405  00018C  2E03               	decfsz	??_Contar^0,f,c
   406  00018E  D7FC               	bra	u257
   407  000190  2E04               	decfsz	(??_Contar+1)^0,f,c
   408  000192  D7FA               	bra	u257
   409                           
   410                           ;main.c: 52: }
   411  000194  0E33               	movlw	51
   412  000196  6E04               	movwf	(??_Contar+1)^0,c
   413  000198  0EBB               	movlw	187
   414  00019A  6E03               	movwf	??_Contar^0,c
   415  00019C  0EE0               	movlw	224
   416  00019E                     u267:
   417  00019E  2EE8               	decfsz	wreg,f,c
   418  0001A0  D7FE               	bra	u267
   419  0001A2  2E03               	decfsz	??_Contar^0,f,c
   420  0001A4  D7FC               	bra	u267
   421  0001A6  2E04               	decfsz	(??_Contar+1)^0,f,c
   422  0001A8  D7FA               	bra	u267
   423  0001AA                     
   424                           ;main.c: 54: void atualiza_PORTD() {
   425  0001AA  060B               	decf	_unidade^0,f,c
   426                           
   427                           ;main.c: 56: }
   428  0001AC  280B               	incf	_unidade^0,w,c
   429  0001AE  A4D8               	btfss	status,2,c
   430  0001B0  EFDC  F000         	goto	u81
   431  0001B4  EFDE  F000         	goto	u80
   432  0001B8                     u81:
   433  0001B8  EFEF  F000         	goto	l48
   434  0001BC                     u80:
   435  0001BC                     
   436                           ;main.c: 58: void main() {
   437  0001BC  0E09               	movlw	9
   438  0001BE  6E0B               	movwf	_unidade^0,c
   439  0001C0                     
   440                           ;main.c: 59: 
   441  0001C0  060C               	decf	_dezena^0,f,c
   442  0001C2                     
   443                           ;main.c: 61:     TRISBbits.RB1 = 1;
   444  0001C2  280C               	incf	_dezena^0,w,c
   445  0001C4  A4D8               	btfss	status,2,c
   446  0001C6  EFE7  F000         	goto	u91
   447  0001CA  EFE9  F000         	goto	u90
   448  0001CE                     u91:
   449  0001CE  EFEF  F000         	goto	l48
   450  0001D2                     u90:
   451  0001D2                     
   452                           ;main.c: 62:     TRISCbits.RC0 = 0;
   453  0001D2  0E00               	movlw	0
   454  0001D4  6E0C               	movwf	_dezena^0,c
   455  0001D6  EFEF  F000         	goto	l48
   456  0001DA                     l793:
   457                           
   458                           ;main.c: 66:     INTCON3bits.INT1IE = 1;
   459  0001DA  ECF0  F000         	call	_Apito	;wreg free
   460  0001DE                     l48:
   461  0001DE  0012               	return		;funcret
   462  0001E0                     __end_of_Contar:
   463                           	opt callstack 0
   464                           
   465 ;; *************** function _Apito *****************
   466 ;; Defined at:
   467 ;;		line 21 in file "main.c"
   468 ;; Parameters:    Size  Location     Type
   469 ;;		None
   470 ;; Auto vars:     Size  Location     Type
   471 ;;		None
   472 ;; Return value:  Size  Location     Type
   473 ;;                  1    wreg      void 
   474 ;; Registers used:
   475 ;;		wreg, status,2, status,0
   476 ;; Tracked objects:
   477 ;;		On entry : 0/0
   478 ;;		On exit  : 0/0
   479 ;;		Unchanged: 0/0
   480 ;; Data sizes:     COMRAM   BANK0   BANK1   BANK2   BANK3   BANK4   BANK5   BANK6   BANK7
   481 ;;      Params:         0       0       0       0       0       0       0       0       0
   482 ;;      Locals:         0       0       0       0       0       0       0       0       0
   483 ;;      Temps:          2       0       0       0       0       0       0       0       0
   484 ;;      Totals:         2       0       0       0       0       0       0       0       0
   485 ;;Total ram usage:        2 bytes
   486 ;; Hardware stack levels used:    1
   487 ;; Hardware stack levels required when called:    1
   488 ;; This function calls:
   489 ;;		Nothing
   490 ;; This function is called by:
   491 ;;		_Contar
   492 ;; This function uses a non-reentrant model
   493 ;;
   494                           
   495                           	psect	text3
   496  0001E0                     __ptext3:
   497                           	opt callstack 0
   498  0001E0                     _Apito:
   499                           	opt callstack 28
   500  0001E0                     
   501                           ;main.c: 22: 
   502  0001E0  8EF2               	bsf	242,7,c	;volatile
   503                           
   504                           ;main.c: 23:     if(!buzz) break;
   505  0001E2  8CF2               	bsf	242,6,c	;volatile
   506                           
   507                           ;main.c: 24:     _delay((unsigned long)((500)*(4000000/4000.0)));
   508  0001E4  88F2               	bsf	242,4,c	;volatile
   509                           
   510                           ;main.c: 25: 
   511  0001E6  86F0               	bsf	240,3,c	;volatile
   512  0001E8                     
   513                           ;main.c: 27:   }
   514  0001E8  0E00               	movlw	0
   515  0001EA  6E08               	movwf	(_buzz+1)^0,c
   516  0001EC  0E01               	movlw	1
   517  0001EE  6E07               	movwf	_buzz^0,c
   518  0001F0                     l753:
   519                           
   520                           ;main.c: 30:   if(dezena != 0 || unidade != 0 ){
   521  0001F0  5007               	movf	_buzz^0,w,c
   522  0001F2  1008               	iorwf	(_buzz+1)^0,w,c
   523  0001F4  A4D8               	btfss	status,2,c
   524  0001F6  EFFF  F000         	goto	u11
   525  0001FA  EF01  F001         	goto	u10
   526  0001FE                     u11:
   527  0001FE  EF03  F001         	goto	l32
   528  000202                     u10:
   529  000202  EF45  F001         	goto	l39
   530  000206                     l32:
   531                           
   532                           ;main.c: 31:     _delay((unsigned long)((10000)*(4000000/4000.0)));
   533  000206  8082               	bsf	130,0,c	;volatile
   534  000208                     
   535                           ;main.c: 33:     _delay((unsigned long)((10000)*(4000000/4000.0)));
   536  000208  5007               	movf	_buzz^0,w,c
   537  00020A  1008               	iorwf	(_buzz+1)^0,w,c
   538  00020C  A4D8               	btfss	status,2,c
   539  00020E  EF0B  F001         	goto	u21
   540  000212  EF0D  F001         	goto	u20
   541  000216                     u21:
   542  000216  EF0F  F001         	goto	l761
   543  00021A                     u20:
   544  00021A  EF45  F001         	goto	l39
   545  00021E                     l761:
   546                           
   547                           ;main.c: 34:     _delay((unsigned long)((10000)*(4000000/4000.0)));
   548  00021E  0E02               	movlw	2
   549  000220  6E02               	movwf	(??_Apito+1)^0,c
   550  000222  0E45               	movlw	69
   551  000224  6E01               	movwf	??_Apito^0,c
   552  000226  0EAA               	movlw	170
   553  000228                     u277:
   554  000228  2EE8               	decfsz	wreg,f,c
   555  00022A  D7FE               	bra	u277
   556  00022C  2E01               	decfsz	??_Apito^0,f,c
   557  00022E  D7FC               	bra	u277
   558  000230  2E02               	decfsz	(??_Apito+1)^0,f,c
   559  000232  D7FA               	bra	u277
   560  000234                     
   561                           ;main.c: 36:     _delay((unsigned long)((10000)*(4000000/4000.0)));
   562  000234  5007               	movf	_buzz^0,w,c
   563  000236  1008               	iorwf	(_buzz+1)^0,w,c
   564  000238  A4D8               	btfss	status,2,c
   565  00023A  EF21  F001         	goto	u31
   566  00023E  EF23  F001         	goto	u30
   567  000242                     u31:
   568  000242  EF25  F001         	goto	l35
   569  000246                     u30:
   570  000246  EF45  F001         	goto	l39
   571  00024A                     l35:
   572                           
   573                           ;main.c: 37: 
   574  00024A  9082               	bcf	130,0,c	;volatile
   575  00024C                     
   576                           ;main.c: 39: 
   577  00024C  5007               	movf	_buzz^0,w,c
   578  00024E  1008               	iorwf	(_buzz+1)^0,w,c
   579  000250  A4D8               	btfss	status,2,c
   580  000252  EF2D  F001         	goto	u41
   581  000256  EF2F  F001         	goto	u40
   582  00025A                     u41:
   583  00025A  EF31  F001         	goto	l771
   584  00025E                     u40:
   585  00025E  EF45  F001         	goto	l39
   586  000262                     l771:
   587                           
   588                           ;main.c: 40:     if (unidade == 0xff){
   589  000262  0E03               	movlw	3
   590  000264  6E02               	movwf	(??_Apito+1)^0,c
   591  000266  0E8A               	movlw	138
   592  000268  6E01               	movwf	??_Apito^0,c
   593  00026A  0E56               	movlw	86
   594  00026C                     u287:
   595  00026C  2EE8               	decfsz	wreg,f,c
   596  00026E  D7FE               	bra	u287
   597  000270  2E01               	decfsz	??_Apito^0,f,c
   598  000272  D7FC               	bra	u287
   599  000274  2E02               	decfsz	(??_Apito+1)^0,f,c
   600  000276  D7FA               	bra	u287
   601  000278                     
   602                           ;main.c: 42:         unidade = 9;
   603  000278  5007               	movf	_buzz^0,w,c
   604  00027A  1008               	iorwf	(_buzz+1)^0,w,c
   605  00027C  A4D8               	btfss	status,2,c
   606  00027E  EF43  F001         	goto	u51
   607  000282  EF45  F001         	goto	u50
   608  000286                     u51:
   609  000286  EFF8  F000         	goto	l753
   610  00028A                     u50:
   611  00028A                     l39:
   612  00028A  0012               	return		;funcret
   613  00028C                     __end_of_Apito:
   614                           	opt callstack 0
   615                           
   616 ;; *************** function _isr *****************
   617 ;; Defined at:
   618 ;;		line 101 in file "main.c"
   619 ;; Parameters:    Size  Location     Type
   620 ;;		None
   621 ;; Auto vars:     Size  Location     Type
   622 ;;		None
   623 ;; Return value:  Size  Location     Type
   624 ;;                  1    wreg      void 
   625 ;; Registers used:
   626 ;;		wreg, status,2, status,0
   627 ;; Tracked objects:
   628 ;;		On entry : 0/0
   629 ;;		On exit  : 0/0
   630 ;;		Unchanged: 0/0
   631 ;; Data sizes:     COMRAM   BANK0   BANK1   BANK2   BANK3   BANK4   BANK5   BANK6   BANK7
   632 ;;      Params:         0       0       0       0       0       0       0       0       0
   633 ;;      Locals:         0       0       0       0       0       0       0       0       0
   634 ;;      Temps:          0       0       0       0       0       0       0       0       0
   635 ;;      Totals:         0       0       0       0       0       0       0       0       0
   636 ;;Total ram usage:        0 bytes
   637 ;; Hardware stack levels used:    1
   638 ;; This function calls:
   639 ;;		Nothing
   640 ;; This function is called by:
   641 ;;		Interrupt level 2
   642 ;; This function uses a non-reentrant model
   643 ;;
   644                           
   645                           	psect	intcode
   646  000008                     __pintcode:
   647                           	opt callstack 0
   648  000008                     _isr:
   649                           	opt callstack 28
   650                           
   651                           ;incstack = 0
   652  000008  820D               	bsf	int$flags,1,c	;set compiler interrupt flag (level 2)
   653  00000A  ED09  F000         	call	int_func,f	;refresh shadow registers
   654                           
   655                           	psect	intcode_body
   656  000012                     __pintcode_body:
   657                           	opt callstack 28
   658  000012                     int_func:
   659                           	opt callstack 28
   660  000012  0006               	pop		; remove dummy address from shadow register refresh
   661  000014                     
   662                           ;main.c: 102:     unidade = 0;
   663  000014  A2F2               	btfss	4082,1,c	;volatile
   664  000016  EF0F  F000         	goto	i2u11_41
   665  00001A  EF11  F000         	goto	i2u11_40
   666  00001E                     i2u11_41:
   667  00001E  EF2A  F000         	goto	i2l65
   668  000022                     i2u11_40:
   669  000022  0407               	decf	_buzz^0,w,c
   670  000024  1008               	iorwf	(_buzz+1)^0,w,c
   671  000026  A4D8               	btfss	status,2,c
   672  000028  EF18  F000         	goto	i2u12_41
   673  00002C  EF1A  F000         	goto	i2u12_40
   674  000030                     i2u12_41:
   675  000030  EF2A  F000         	goto	i2l65
   676  000034                     i2u12_40:
   677  000034                     
   678                           ;main.c: 103:     dezena = 1;
   679  000034  92F2               	bcf	4082,1,c	;volatile
   680  000036                     
   681                           ;main.c: 104:   }
   682  000036  0E00               	movlw	0
   683  000038  6E08               	movwf	(_buzz+1)^0,c
   684  00003A  0E00               	movlw	0
   685  00003C  6E07               	movwf	_buzz^0,c
   686  00003E                     
   687                           ;main.c: 105: 
   688  00003E  9082               	bcf	130,0,c	;volatile
   689                           
   690                           ;main.c: 107:     INT0IF = 0;
   691  000040  0E00               	movlw	0
   692  000042  6E0A               	movwf	(_count+1)^0,c
   693  000044  0E00               	movlw	0
   694  000046  6E09               	movwf	_count^0,c
   695                           
   696                           ;main.c: 108:     dezena++;
   697  000048  0E00               	movlw	0
   698  00004A  6E0B               	movwf	_unidade^0,c
   699                           
   700                           ;main.c: 109: 
   701  00004C  0E01               	movlw	1
   702  00004E  6E0C               	movwf	_dezena^0,c
   703                           
   704                           ;main.c: 110:     if(dezena > 6){
   705  000050  EF81  F000         	goto	i2l73
   706  000054                     i2l65:
   707  000054  A0F0               	btfss	4080,0,c	;volatile
   708  000056  EF2F  F000         	goto	i2u13_41
   709  00005A  EF31  F000         	goto	i2u13_40
   710  00005E                     i2u13_41:
   711  00005E  EF4A  F000         	goto	i2l67
   712  000062                     i2u13_40:
   713  000062  0407               	decf	_buzz^0,w,c
   714  000064  1008               	iorwf	(_buzz+1)^0,w,c
   715  000066  A4D8               	btfss	status,2,c
   716  000068  EF38  F000         	goto	i2u14_41
   717  00006C  EF3A  F000         	goto	i2u14_40
   718  000070                     i2u14_41:
   719  000070  EF4A  F000         	goto	i2l67
   720  000074                     i2u14_40:
   721  000074                     
   722                           ;main.c: 113:   }
   723  000074  90F0               	bcf	4080,0,c	;volatile
   724  000076                     
   725                           ;main.c: 114: 
   726  000076  0E00               	movlw	0
   727  000078  6E08               	movwf	(_buzz+1)^0,c
   728  00007A  0E00               	movlw	0
   729  00007C  6E07               	movwf	_buzz^0,c
   730  00007E                     
   731                           ;main.c: 115:   else if (INT1IF && buzz == 0){
   732  00007E  9082               	bcf	130,0,c	;volatile
   733                           
   734                           ;main.c: 117:     count ^= 1;
   735  000080  0E00               	movlw	0
   736  000082  6E0A               	movwf	(_count+1)^0,c
   737  000084  0E00               	movlw	0
   738  000086  6E09               	movwf	_count^0,c
   739                           
   740                           ;main.c: 118: 
   741  000088  0E00               	movlw	0
   742  00008A  6E0B               	movwf	_unidade^0,c
   743                           
   744                           ;main.c: 119:     INTCONbits.INT0IE = 0;
   745  00008C  0E01               	movlw	1
   746  00008E  6E0C               	movwf	_dezena^0,c
   747                           
   748                           ;main.c: 120:     INTCON3bits.INT1IE = 0;
   749  000090  EF81  F000         	goto	i2l73
   750  000094                     i2l67:
   751  000094  A2F2               	btfss	4082,1,c	;volatile
   752  000096  EF4F  F000         	goto	i2u15_41
   753  00009A  EF51  F000         	goto	i2u15_40
   754  00009E                     i2u15_41:
   755  00009E  EF68  F000         	goto	i2l69
   756  0000A2                     i2u15_40:
   757  0000A2  5007               	movf	_buzz^0,w,c
   758  0000A4  1008               	iorwf	(_buzz+1)^0,w,c
   759  0000A6  A4D8               	btfss	status,2,c
   760  0000A8  EF58  F000         	goto	i2u16_41
   761  0000AC  EF5A  F000         	goto	i2u16_40
   762  0000B0                     i2u16_41:
   763  0000B0  EF68  F000         	goto	i2l69
   764  0000B4                     i2u16_40:
   765  0000B4                     
   766                           ;main.c: 123:   }
   767  0000B4  92F2               	bcf	4082,1,c	;volatile
   768  0000B6                     
   769                           ;main.c: 124: }
   770  0000B6  2A0C               	incf	_dezena^0,f,c
   771  0000B8  0E06               	movlw	6
   772  0000BA  640C               	cpfsgt	_dezena^0,c
   773  0000BC  EF62  F000         	goto	i2u17_41
   774  0000C0  EF64  F000         	goto	i2u17_40
   775  0000C4                     i2u17_41:
   776  0000C4  EF81  F000         	goto	i2l68
   777  0000C8                     i2u17_40:
   778  0000C8  0E01               	movlw	1
   779  0000CA  6E0C               	movwf	_dezena^0,c
   780  0000CC  EF81  F000         	goto	i2l73
   781  0000D0                     i2l69:
   782  0000D0  A0F0               	btfss	4080,0,c	;volatile
   783  0000D2  EF6D  F000         	goto	i2u18_41
   784  0000D6  EF6F  F000         	goto	i2u18_40
   785  0000DA                     i2u18_41:
   786  0000DA  EF81  F000         	goto	i2l68
   787  0000DE                     i2u18_40:
   788  0000DE  5007               	movf	_buzz^0,w,c
   789  0000E0  1008               	iorwf	(_buzz+1)^0,w,c
   790  0000E2  A4D8               	btfss	status,2,c
   791  0000E4  EF76  F000         	goto	i2u19_41
   792  0000E8  EF78  F000         	goto	i2u19_40
   793  0000EC                     i2u19_41:
   794  0000EC  EF81  F000         	goto	i2l68
   795  0000F0                     i2u19_40:
   796  0000F0  90F0               	bcf	4080,0,c	;volatile
   797  0000F2  0E01               	movlw	1
   798  0000F4  1A09               	xorwf	_count^0,f,c
   799  0000F6  98F2               	bcf	242,4,c	;volatile
   800  0000F8  96F0               	bcf	240,3,c	;volatile
   801  0000FA  9EF2               	bcf	242,7,c	;volatile
   802  0000FC  9CF2               	bcf	242,6,c	;volatile
   803  0000FE  EF81  F000         	goto	i2l73
   804  000102                     i2l68:
   805  000102                     i2l73:
   806  000102  920D               	bcf	int$flags,1,c	;clear compiler interrupt flag (level 2)
   807  000104  0011               	retfie		f
   808  000106                     __end_of_isr:
   809                           	opt callstack 0
   810  0000                     
   811                           	psect	rparam
   812  0000                     
   813                           	psect	temp
   814  00000D                     btemp:
   815                           	opt callstack 0
   816  00000D                     	ds	1
   817  0000                     int$flags	set	btemp
   818  0000                     wtemp8	set	btemp+1
   819  0000                     ttemp5	set	btemp+1
   820  0000                     ttemp6	set	btemp+4
   821  0000                     ttemp7	set	btemp+8
   822                           tosu	equ	0xFFF
   823                           tosh	equ	0xFFE
   824                           tosl	equ	0xFFD
   825                           stkptr	equ	0xFFC
   826                           pclatu	equ	0xFFB
   827                           pclath	equ	0xFFA
   828                           pcl	equ	0xFF9
   829                           tblptru	equ	0xFF8
   830                           tblptrh	equ	0xFF7
   831                           tblptrl	equ	0xFF6
   832                           tablat	equ	0xFF5
   833                           prodh	equ	0xFF4
   834                           prodl	equ	0xFF3
   835                           indf0	equ	0xFEF
   836                           postinc0	equ	0xFEE
   837                           postdec0	equ	0xFED
   838                           preinc0	equ	0xFEC
   839                           plusw0	equ	0xFEB
   840                           fsr0h	equ	0xFEA
   841                           fsr0l	equ	0xFE9
   842                           wreg	equ	0xFE8
   843                           indf1	equ	0xFE7
   844                           postinc1	equ	0xFE6
   845                           postdec1	equ	0xFE5
   846                           preinc1	equ	0xFE4
   847                           plusw1	equ	0xFE3
   848                           fsr1h	equ	0xFE2
   849                           fsr1l	equ	0xFE1
   850                           bsr	equ	0xFE0
   851                           indf2	equ	0xFDF
   852                           postinc2	equ	0xFDE
   853                           postdec2	equ	0xFDD
   854                           preinc2	equ	0xFDC
   855                           plusw2	equ	0xFDB
   856                           fsr2h	equ	0xFDA
   857                           fsr2l	equ	0xFD9
   858                           status	equ	0xFD8


Data Sizes:
    Strings     0
    Constant    0
    Data        0
    BSS         5
    Persistent  1
    Stack       0

Auto Spaces:
    Space          Size  Autos    Used
    COMRAM           94      6      12
    BANK0           160      0       0
    BANK1           256      0       0
    BANK2           256      0       0
    BANK3           256      0       0
    BANK4           256      0       0
    BANK5           256      0       0
    BANK6           256      0       0
    BANK7           256      0       0

Pointer List with Targets:

    None.

Critical Paths under _main in COMRAM

    _main->_Contar
    _Contar->_Apito

Critical Paths under _isr in COMRAM

    None.

Critical Paths under _main in BANK0

    None.

Critical Paths under _isr in BANK0

    None.

Critical Paths under _main in BANK1

    None.

Critical Paths under _isr in BANK1

    None.

Critical Paths under _main in BANK2

    None.

Critical Paths under _isr in BANK2

    None.

Critical Paths under _main in BANK3

    None.

Critical Paths under _isr in BANK3

    None.

Critical Paths under _main in BANK4

    None.

Critical Paths under _isr in BANK4

    None.

Critical Paths under _main in BANK5

    None.

Critical Paths under _isr in BANK5

    None.

Critical Paths under _main in BANK6

    None.

Critical Paths under _isr in BANK6

    None.

Critical Paths under _main in BANK7

    None.

Critical Paths under _isr in BANK7

    None.

Call Graph Tables:

 ---------------------------------------------------------------------------------
 (Depth) Function   	        Calls       Base Space   Used Autos Params    Refs
 ---------------------------------------------------------------------------------
 (0) _main                                                 2     2      0       0
                                              4 COMRAM     2     2      0
                             _Contar
                     _atualiza_PORTD
 ---------------------------------------------------------------------------------
 (1) _atualiza_PORTD                                       0     0      0       0
 ---------------------------------------------------------------------------------
 (1) _Contar                                               2     2      0       0
                                              2 COMRAM     2     2      0
                              _Apito
 ---------------------------------------------------------------------------------
 (2) _Apito                                                2     2      0       0
                                              0 COMRAM     2     2      0
 ---------------------------------------------------------------------------------
 Estimated maximum stack depth 2
 ---------------------------------------------------------------------------------
 (Depth) Function   	        Calls       Base Space   Used Autos Params    Refs
 ---------------------------------------------------------------------------------
 (3) _isr                                                  0     0      0       0
 ---------------------------------------------------------------------------------
 Estimated maximum stack depth 3
 ---------------------------------------------------------------------------------

 Call Graph Graphs:

 _main (ROOT)
   _Contar
     _Apito
   _atualiza_PORTD

 _isr (ROOT)

 Address spaces:
Name               Size   Autos  Total    Cost      Usage
BIGRAM             7FF      0       0      21        0.0%
EEDATA             100      0       0       0        0.0%
BITBANK7           100      0       0      18        0.0%
BANK7              100      0       0      19        0.0%
BITBANK6           100      0       0      16        0.0%
BANK6              100      0       0      17        0.0%
BITBANK5           100      0       0      14        0.0%
BANK5              100      0       0      15        0.0%
BITBANK4           100      0       0      12        0.0%
BANK4              100      0       0      13        0.0%
BITBANK3           100      0       0      10        0.0%
BANK3              100      0       0      11        0.0%
BITBANK2           100      0       0       8        0.0%
BANK2              100      0       0       9        0.0%
BITBANK1           100      0       0       6        0.0%
BANK1              100      0       0       7        0.0%
BITBANK0            A0      0       0       4        0.0%
BANK0               A0      0       0       5        0.0%
BITCOMRAM           5E      0       0       0        0.0%
COMRAM              5E      6       C       1       12.8%
BITSFR               0      0       0     200        0.0%
SFR                  0      0       0     200        0.0%
STACK                0      0       0       2        0.0%
NULL                 0      0       0       0        0.0%
ABS                  0      0       C      20        0.0%
DATA                 0      0       C       3        0.0%
CODE                 0      0       0       0        0.0%


Microchip Technology PIC18 Macro Assembler V2.10 build 88905656 
Symbol Table                                                                                   Fri Feb 11 21:20:45 2022

                     l32 0206                       l35 024A                       l51 0306  
                     l39 028A                       l48 01DE                       l57 02C8  
                     u10 0202                       u11 01FE                       u20 021A  
                     u21 0216                       u30 0246                       u31 0242  
                     u40 025E                       u41 025A                       u50 028A  
                     u51 0286                       u60 0116                       u61 0112  
                     u70 0126                       u71 0122                       u80 01BC  
                     u81 01B8                       u90 01D2                       u91 01CE  
                    l801 0296                      l811 02C4                      l803 0298  
                    l813 02CC                      l805 029A                      l751 01E8  
                    l807 029C                      l761 021E                      l753 01F0  
                    l809 02B2                      l771 0262                      l763 0234  
                    l773 0278                      l757 0208                      l749 01E0  
                    l781 0126                      l767 024C                      l791 01D2  
                    l783 01AA                      l785 01BC                      l793 01DA  
                    l777 0106                      l787 01C0                      l779 0116  
                    l795 02FE                      l789 01C2                      l797 028C  
                    l799 0292                      u100 02C4                      u101 02C0  
                    u207 02D6                      u217 0130                      u227 0146  
                    u237 015C                      u247 0172                      u257 0188  
                    u267 019E                      u277 0228                      u287 026C  
                    _isr 0008                      wreg 000FE8             __CFG_WDT$OFF 000000  
                   ?_isr 0001                     i2l73 0102                     i2l65 0054  
                   i2l67 0094                     i2l68 0102                     i2l69 00D0  
                   _main 028C                     _buzz 0007                     btemp 000D  
                   start 000E             ___param_bank 000000                    ??_isr 0001  
                  ?_main 0001                    i2l821 0036                    i2l831 007E  
                  i2l823 003E                    i2l815 0014                    i2l841 00C8  
                  i2l833 00A2                    i2l825 0062                    i2l817 0022  
                  i2l851 00F8                    i2l843 00DE                    i2l835 00B4  
                  i2l827 0074                    i2l819 0034                    i2l853 00FA  
                  i2l845 00F0                    i2l837 00B6                    i2l829 0076  
                  i2l855 00FC                    i2l847 00F2                    i2l839 00B8  
                  i2l849 00F6                    _PORTD 000F83                    _TRISD 000F95  
                  _Apito 01E0                    _count 0009                    ttemp5 000E  
                  ttemp6 0011                    ttemp7 0015                    status 000FD8  
                  wtemp8 000E          __initialization 02EA           _atualiza_PORTD 02FE  
           __end_of_main 02EA                   ??_main 0005            __activetblptr 000000  
                 ?_Apito 0001                   _INT0IF 007F91                   _INT1IF 007F80  
 __end_of_atualiza_PORTD 0308                   _Contar 0106                   _dezena 000C  
             __accesstop 0060  __end_of__initialization 02F4          __CFG_PBADEN$OFF 000000  
        __CFG_FOSC$XT_XT 000000            ___rparam_used 000001          ?_atualiza_PORTD 0001  
          __end_of_Apito 028C           __pcstackCOMRAM 0001                  ??_Apito 0001  
             __pnvCOMRAM 000C                  ?_Contar 0001                  i2u11_40 0022  
                i2u11_41 001E                  i2u12_40 0034                  i2u12_41 0030  
                i2u13_40 0062                  i2u13_41 005E                  i2u14_40 0074  
                i2u14_41 0070                  i2u15_40 00A2                  i2u15_41 009E  
                i2u16_40 00B4                  i2u16_41 00B0                  i2u17_40 00C8  
                i2u17_41 00C4                  i2u18_40 00DE                  i2u18_41 00DA  
                i2u19_40 00F0                  i2u19_41 00EC                  __Hparam 0000  
        __size_of_Contar 00DA                  __Lparam 0000                  __pcinit 02EA  
                __ramtop 0800                  __ptext0 028C                  __ptext1 02FE  
                __ptext2 0106                  __ptext3 01E0             __size_of_isr 00FE  
                _unidade 000B           __pintcode_body 0012     end_of_initialization 02F4  
                int_func 0012                _PORTCbits 000F82                _TRISBbits 000F93  
              _TRISCbits 000F94         ??_atualiza_PORTD 0001           __end_of_Contar 01E0  
    start_initialization 02EA              __end_of_isr 0106                 ??_Contar 0003  
            __pbssCOMRAM 0007                __pintcode 0008           __size_of_Apito 00AC  
            _INTCON3bits 000FF0                 __Hrparam 0000                 __Lrparam 0000  
          __size_of_main 005E                 int$flags 000D               _INTCONbits 000FF2  
               intlevel2 0000  __size_of_atualiza_PORTD 000A  
